Started GET "/" for ::1 at 2019-05-28 13:49:03 -0400
Processing by Rails::WelcomeController#index as HTML
  Rendering /Users/aa/.rbenv/versions/2.5.1/lib/ruby/gems/2.5.0/gems/railties-5.1.7/lib/rails/templates/rails/welcome/index.html.erb
  Rendered /Users/aa/.rbenv/versions/2.5.1/lib/ruby/gems/2.5.0/gems/railties-5.1.7/lib/rails/templates/rails/welcome/index.html.erb (13.2ms)
Completed 200 OK in 2471ms (Views: 108.3ms)


Started GET "/" for ::1 at 2019-05-28 13:49:24 -0400
Processing by Rails::WelcomeController#index as HTML
  Rendering /Users/aa/.rbenv/versions/2.5.1/lib/ruby/gems/2.5.0/gems/railties-5.1.7/lib/rails/templates/rails/welcome/index.html.erb
  Rendered /Users/aa/.rbenv/versions/2.5.1/lib/ruby/gems/2.5.0/gems/railties-5.1.7/lib/rails/templates/rails/welcome/index.html.erb (2.7ms)
Completed 200 OK in 35ms (Views: 6.0ms)


Started GET "/" for ::1 at 2019-05-28 13:53:28 -0400
Processing by Rails::WelcomeController#index as HTML
  Rendering /Users/aa/.rbenv/versions/2.5.1/lib/ruby/gems/2.5.0/gems/railties-5.1.7/lib/rails/templates/rails/welcome/index.html.erb
  Rendered /Users/aa/.rbenv/versions/2.5.1/lib/ruby/gems/2.5.0/gems/railties-5.1.7/lib/rails/templates/rails/welcome/index.html.erb (3.4ms)
Completed 200 OK in 36ms (Views: 7.1ms)


Started GET "/" for ::1 at 2019-05-28 13:53:32 -0400
Processing by Rails::WelcomeController#index as HTML
  Rendering /Users/aa/.rbenv/versions/2.5.1/lib/ruby/gems/2.5.0/gems/railties-5.1.7/lib/rails/templates/rails/welcome/index.html.erb
  Rendered /Users/aa/.rbenv/versions/2.5.1/lib/ruby/gems/2.5.0/gems/railties-5.1.7/lib/rails/templates/rails/welcome/index.html.erb (3.4ms)
Completed 200 OK in 11ms (Views: 6.4ms)


Started GET "/" for ::1 at 2019-05-28 13:53:37 -0400
Processing by Rails::WelcomeController#index as HTML
  Rendering /Users/aa/.rbenv/versions/2.5.1/lib/ruby/gems/2.5.0/gems/railties-5.1.7/lib/rails/templates/rails/welcome/index.html.erb
  Rendered /Users/aa/.rbenv/versions/2.5.1/lib/ruby/gems/2.5.0/gems/railties-5.1.7/lib/rails/templates/rails/welcome/index.html.erb (3.0ms)
Completed 200 OK in 10ms (Views: 6.0ms)


Started GET "/" for ::1 at 2019-05-28 13:59:45 -0400
Processing by Rails::WelcomeController#index as HTML
  Rendering /Users/aa/.rbenv/versions/2.5.1/lib/ruby/gems/2.5.0/gems/railties-5.1.7/lib/rails/templates/rails/welcome/index.html.erb
  Rendered /Users/aa/.rbenv/versions/2.5.1/lib/ruby/gems/2.5.0/gems/railties-5.1.7/lib/rails/templates/rails/welcome/index.html.erb (2.9ms)
Completed 200 OK in 62ms (Views: 6.2ms)


Started GET "/" for ::1 at 2019-05-28 14:02:44 -0400
Processing by Rails::WelcomeController#index as HTML
  Rendering /Users/aa/.rbenv/versions/2.5.1/lib/ruby/gems/2.5.0/gems/railties-5.1.7/lib/rails/templates/rails/welcome/index.html.erb
  Rendered /Users/aa/.rbenv/versions/2.5.1/lib/ruby/gems/2.5.0/gems/railties-5.1.7/lib/rails/templates/rails/welcome/index.html.erb (3.1ms)
Completed 200 OK in 36ms (Views: 6.8ms)


Started GET "/" for ::1 at 2019-05-28 14:03:46 -0400
Processing by Rails::WelcomeController#index as HTML
  Rendering /Users/aa/.rbenv/versions/2.5.1/lib/ruby/gems/2.5.0/gems/railties-5.1.7/lib/rails/templates/rails/welcome/index.html.erb
  Rendered /Users/aa/.rbenv/versions/2.5.1/lib/ruby/gems/2.5.0/gems/railties-5.1.7/lib/rails/templates/rails/welcome/index.html.erb (5.4ms)
Completed 200 OK in 32ms (Views: 10.8ms)


Started GET "/" for ::1 at 2019-05-28 14:04:56 -0400
Processing by Rails::WelcomeController#index as HTML
  Rendering /Users/aa/.rbenv/versions/2.5.1/lib/ruby/gems/2.5.0/gems/railties-5.1.7/lib/rails/templates/rails/welcome/index.html.erb
  Rendered /Users/aa/.rbenv/versions/2.5.1/lib/ruby/gems/2.5.0/gems/railties-5.1.7/lib/rails/templates/rails/welcome/index.html.erb (2.9ms)
Completed 200 OK in 52ms (Views: 7.3ms)


Started GET "/" for ::1 at 2019-05-28 14:05:05 -0400
Processing by Rails::WelcomeController#index as HTML
  Rendering /Users/aa/.rbenv/versions/2.5.1/lib/ruby/gems/2.5.0/gems/railties-5.1.7/lib/rails/templates/rails/welcome/index.html.erb
  Rendered /Users/aa/.rbenv/versions/2.5.1/lib/ruby/gems/2.5.0/gems/railties-5.1.7/lib/rails/templates/rails/welcome/index.html.erb (3.0ms)
Completed 200 OK in 12ms (Views: 7.1ms)


Started GET "/" for ::1 at 2019-05-28 14:07:07 -0400
Processing by StaticPagesController#root as HTML
  Rendering static_pages/root.html.erb within layouts/application
  Rendered static_pages/root.html.erb within layouts/application (0.4ms)
Completed 200 OK in 3027ms (Views: 3011.1ms)


Started GET "/" for ::1 at 2019-05-28 14:36:22 -0400
Processing by StaticPagesController#root as HTML
  Rendering static_pages/root.html.erb within layouts/application
  Rendered static_pages/root.html.erb within layouts/application (0.4ms)
Completed 200 OK in 358ms (Views: 300.2ms)


  [1m[35m (102.4ms)[0m  [1m[35mCREATE TABLE "schema_migrations" ("version" character varying NOT NULL PRIMARY KEY)[0m
  [1m[35m (6.3ms)[0m  [1m[35mCREATE TABLE "ar_internal_metadata" ("key" character varying NOT NULL PRIMARY KEY, "value" character varying, "created_at" timestamp NOT NULL, "updated_at" timestamp NOT NULL)[0m
  [1m[35m (0.5ms)[0m  [1m[34mSELECT pg_try_advisory_lock(19079368080228330)[0m
  [1m[35m (13.7ms)[0m  [1m[34mSELECT "schema_migrations"."version" FROM "schema_migrations" ORDER BY "schema_migrations"."version" ASC[0m
Migrating to CreateUsers (20190528183821)
  [1m[35m (0.7ms)[0m  [1m[34mSELECT pg_advisory_unlock(19079368080228330)[0m
  [1m[35m (0.3ms)[0m  [1m[34mSELECT pg_try_advisory_lock(19079368080228330)[0m
  [1m[35m (1.2ms)[0m  [1m[34mSELECT "schema_migrations"."version" FROM "schema_migrations" ORDER BY "schema_migrations"."version" ASC[0m
Migrating to CreateUsers (20190528183821)
  [1m[35m (80.6ms)[0m  [1m[35mCREATE  INDEX  "index_users_on_username" ON "users"  ("username")[0m
  [1m[35m (2.3ms)[0m  [1m[35mCREATE  INDEX  "index_users_on_username" ON "users"  ("username")[0m
  [1m[35m (0.3ms)[0m  [1m[34mSELECT pg_advisory_unlock(19079368080228330)[0m
  [1m[35m (0.3ms)[0m  [1m[34mSELECT pg_try_advisory_lock(19079368080228330)[0m
  [1m[35m (1.1ms)[0m  [1m[34mSELECT "schema_migrations"."version" FROM "schema_migrations" ORDER BY "schema_migrations"."version" ASC[0m
Migrating to CreateUsers (20190528183821)
  [1m[35m (0.3ms)[0m  [1m[35mBEGIN[0m
  [1m[35m (89.8ms)[0m  [1m[35mCREATE TABLE "users" ("id" bigserial primary key, "username" character varying NOT NULL, "email" character varying NOT NULL, "gender" character varying, "age" integer, "password_digest" character varying NOT NULL, "session_token" character varying NOT NULL, "location" character varying, "bio" text, "created_at" timestamp NOT NULL, "updated_at" timestamp NOT NULL)[0m
  [1m[35m (1.9ms)[0m  [1m[35mCREATE  INDEX  "index_users_on_username_and_email_and_session_token" ON "users"  ("username", "email", "session_token")[0m
  [1m[35mSQL (0.7ms)[0m  [1m[32mINSERT INTO "schema_migrations" ("version") VALUES ($1) RETURNING "version"[0m  [["version", "20190528183821"]]
  [1m[35m (0.6ms)[0m  [1m[35mCOMMIT[0m
  [1m[36mActiveRecord::InternalMetadata Load (17.8ms)[0m  [1m[34mSELECT  "ar_internal_metadata".* FROM "ar_internal_metadata" WHERE "ar_internal_metadata"."key" = $1 LIMIT $2[0m  [["key", "environment"], ["LIMIT", 1]]
  [1m[35m (0.2ms)[0m  [1m[35mBEGIN[0m
  [1m[35mSQL (0.6ms)[0m  [1m[32mINSERT INTO "ar_internal_metadata" ("key", "value", "created_at", "updated_at") VALUES ($1, $2, $3, $4) RETURNING "key"[0m  [["key", "environment"], ["value", "development"], ["created_at", "2019-05-28 19:16:22.174630"], ["updated_at", "2019-05-28 19:16:22.174630"]]
  [1m[35m (0.5ms)[0m  [1m[35mCOMMIT[0m
  [1m[35m (0.3ms)[0m  [1m[34mSELECT pg_advisory_unlock(19079368080228330)[0m
  [1m[35m (0.4ms)[0m  [1m[34mSELECT "schema_migrations"."version" FROM "schema_migrations" ORDER BY "schema_migrations"."version" ASC[0m
  [1m[35m (1.1ms)[0m  [1m[34mSELECT "schema_migrations"."version" FROM "schema_migrations" ORDER BY "schema_migrations"."version" ASC[0m
  [1m[35m (0.4ms)[0m  [1m[34mSELECT pg_try_advisory_lock(19079368080228330)[0m
  [1m[35m (0.3ms)[0m  [1m[34mSELECT "schema_migrations"."version" FROM "schema_migrations" ORDER BY "schema_migrations"."version" ASC[0m
Migrating to CreateUsers (20190528183821)
  [1m[35m (0.2ms)[0m  [1m[35mBEGIN[0m
  [1m[35m (42.6ms)[0m  [1m[35mDROP INDEX  "index_users_on_username_and_email_and_session_token"[0m
  [1m[35m (39.5ms)[0m  [1m[35mDROP TABLE "users"[0m
  [1m[35mSQL (0.8ms)[0m  [1m[31mDELETE FROM "schema_migrations" WHERE "schema_migrations"."version" = $1[0m  [["version", "20190528183821"]]
  [1m[35m (10.2ms)[0m  [1m[35mCOMMIT[0m
  [1m[35m (0.4ms)[0m  [1m[34mSELECT pg_advisory_unlock(19079368080228330)[0m
  [1m[35m (0.3ms)[0m  [1m[34mSELECT "schema_migrations"."version" FROM "schema_migrations" ORDER BY "schema_migrations"."version" ASC[0m
  [1m[35m (0.2ms)[0m  [1m[34mSELECT pg_try_advisory_lock(19079368080228330)[0m
  [1m[35m (1.1ms)[0m  [1m[34mSELECT "schema_migrations"."version" FROM "schema_migrations" ORDER BY "schema_migrations"."version" ASC[0m
Migrating to CreateUsers (20190528183821)
  [1m[35m (0.3ms)[0m  [1m[35mBEGIN[0m
  [1m[35m (37.2ms)[0m  [1m[35mCREATE TABLE "users" ("id" bigserial primary key, "username" character varying NOT NULL, "email" character varying NOT NULL, "gender" character varying, "age" integer, "password_digest" character varying NOT NULL, "session_token" character varying NOT NULL, "location" character varying, "bio" text, "created_at" timestamp NOT NULL, "updated_at" timestamp NOT NULL)[0m
  [1m[35m (1.2ms)[0m  [1m[35mCREATE  INDEX  "index_users_on_username" ON "users"  ("username")[0m
  [1m[35m (1.0ms)[0m  [1m[35mCREATE  INDEX  "index_users_on_email" ON "users"  ("email")[0m
  [1m[35m (1.5ms)[0m  [1m[35mCREATE  INDEX  "index_users_on_session_token" ON "users"  ("session_token")[0m
  [1m[35mSQL (0.6ms)[0m  [1m[32mINSERT INTO "schema_migrations" ("version") VALUES ($1) RETURNING "version"[0m  [["version", "20190528183821"]]
  [1m[35m (0.6ms)[0m  [1m[35mCOMMIT[0m
  [1m[36mActiveRecord::InternalMetadata Load (0.7ms)[0m  [1m[34mSELECT  "ar_internal_metadata".* FROM "ar_internal_metadata" WHERE "ar_internal_metadata"."key" = $1 LIMIT $2[0m  [["key", "environment"], ["LIMIT", 1]]
  [1m[35m (0.2ms)[0m  [1m[35mBEGIN[0m
  [1m[35m (0.2ms)[0m  [1m[35mCOMMIT[0m
  [1m[35m (0.3ms)[0m  [1m[34mSELECT pg_advisory_unlock(19079368080228330)[0m
  [1m[35m (0.5ms)[0m  [1m[34mSELECT "schema_migrations"."version" FROM "schema_migrations" ORDER BY "schema_migrations"."version" ASC[0m
  [1m[35m (1.1ms)[0m  [1m[34mSELECT "schema_migrations"."version" FROM "schema_migrations" ORDER BY "schema_migrations"."version" ASC[0m
Started GET "/" for ::1 at 2019-05-28 16:01:46 -0400
  [1m[35m (1.8ms)[0m  [1m[34mSELECT "schema_migrations"."version" FROM "schema_migrations" ORDER BY "schema_migrations"."version" ASC[0m
Processing by StaticPagesController#root as HTML
  Rendering static_pages/root.html.erb within layouts/application
  Rendered static_pages/root.html.erb within layouts/application (4.8ms)
Completed 200 OK in 262ms (Views: 233.6ms | ActiveRecord: 0.0ms)


